<?xml version="1.0" encoding="UTF-8"?>
<testsuite xmlns:xsi="http://www.w3.org/2001/XMLSchema-instance" xsi:schemaLocation="https://maven.apache.org/surefire/maven-surefire-plugin/xsd/surefire-test-report.xsd" name="TestSuite" time="0.615" tests="12" errors="0" skipped="0" failures="0">
  <properties>
    <property name="PROCESSOR_ARCHITECTURE" value="AMD64"/>
    <property name="file.encoding.pkg" value="sun.io"/>
    <property name="LOGONSERVER" value="\\PRODDC002"/>
    <property name="ProgramData" value="C:\ProgramData"/>
    <property name="java.home" value="C:\Program Files\Java\jdk1.8.0_212\jre"/>
    <property name="NODE_NAME" value="master"/>
    <property name="LG_PATH" value="C:\Program Files (x86)\HPE\LoadRunner\"/>
    <property name="JENKINS_URL" value="http://localhost:8080/"/>
    <property name="ALLUSERSPROFILE" value="C:\ProgramData"/>
    <property name="java.endorsed.dirs" value="C:\Program Files\Java\jdk1.8.0_212\jre\lib\endorsed"/>
    <property name="PSModulePath" value="C:\WINDOWS\system32\WindowsPowerShell\v1.0\Modules\;C:\Program Files (x86)\Microsoft SQL Server\120\Tools\PowerShell\Modules\"/>
    <property name="=::" value="::\"/>
    <property name="USERDOMAIN" value="MEDPRO"/>
    <property name="sun.os.patch.level" value=""/>
    <property name="java.vendor.url" value="http://java.oracle.com/"/>
    <property name="CommonProgramFiles(x86)" value="C:\Program Files (x86)\Common Files"/>
    <property name="java.version" value="1.8.0_212"/>
    <property name="JOB_NAME" value="MavenJenkins"/>
    <property name="COMPUTERNAME" value="DEVELOPER426"/>
    <property name="java.vendor.url.bug" value="http://bugreport.sun.com/bugreport/"/>
    <property name="PUBLIC" value="C:\Users\Public"/>
    <property name="user.name" value="502001390"/>
    <property name="sun.io.unicode.encoding" value="UnicodeLittle"/>
    <property name="sun.jnu.encoding" value="Cp1252"/>
    <property name="java.runtime.name" value="Java(TM) SE Runtime Environment"/>
    <property name="windir" value="C:\WINDOWS"/>
    <property name="LDMS_PREFERRED_SERVER" value="prodldsk002"/>
    <property name="PROCESSOR_IDENTIFIER" value="Intel64 Family 6 Model 85 Stepping 4, GenuineIntel"/>
    <property name="java.specification.name" value="Java Platform API Specification"/>
    <property name="LOCALAPPDATA" value="C:\Users\502001390\AppData\Local"/>
    <property name="RUN_CHANGES_DISPLAY_URL" value="http://localhost:8080/job/MavenJenkins/3/display/redirect?page=changes"/>
    <property name="user.timezone" value="America/New_York"/>
    <property name="user.script" value=""/>
    <property name="path.separator" value=";"/>
    <property name="NUMBER_OF_PROCESSORS" value="4"/>
    <property name="BUILD_TAG" value="jenkins-MavenJenkins-3"/>
    <property name="file.encoding" value="Cp1252"/>
    <property name="sun.java.command" value="jenkins.maven3.agent.Maven35Main C:\Users\502001390\.jenkins\tools\hudson.tasks.Maven_MavenInstallation\TestMaven C:\Users\502001390\.jenkins\war\WEB-INF\lib\remoting-3.29.jar C:\Users\502001390\.jenkins\plugins\maven-plugin\WEB-INF\lib\maven35-interceptor-1.13.jar C:\Users\502001390\.jenkins\plugins\maven-plugin\WEB-INF\lib\maven3-interceptor-commons-1.13.jar 42498"/>
    <property name="HUDSON_URL" value="http://localhost:8080/"/>
    <property name="JENKINS_SERVER_COOKIE" value="1be8b985eee66405"/>
    <property name="EXECUTOR_NUMBER" value="0"/>
    <property name="Path" value="C:\Program Files\Java\jdk1.8.0_212/bin;C:\Program Files (x86)\Common Files\Oracle\Java\javapath;C:\Oracle;C:\Oracle32;C:\ProgramData\Oracle\Java\javapath;C:\WINDOWS\system32;C:\WINDOWS;C:\WINDOWS\System32\Wbem;C:\WINDOWS\System32\WindowsPowerShell\v1.0\;C:\Program Files (x86)\IBM\Client Access\Emulator;C:\Program Files (x86)\IBM\Client Access\Shared;C:\Program Files (x86)\IBM\Client Access\;C:\Program Files (x86)\Hyland\Web ActiveX\;C:\Program Files\Microsoft SQL Server\120\DTS\Binn\;C:\Program Files\Microsoft SQL Server\Client SDK\ODBC\110\Tools\Binn\;C:\Program Files (x86)\Microsoft SQL Server\120\Tools\Binn\;C:\Program Files\Microsoft SQL Server\120\Tools\Binn\;C:\Program Files (x86)\Microsoft SQL Server\120\Tools\Binn\ManagementStudio\;C:\Program Files (x86)\Microsoft SQL Server\120\DTS\Binn\;C:\Program Files (x86)\HPE\LoadRunner\strawberry-perl\perl\bin;C:\Program Files\TortoiseSVN\bin;C:\Users\502001390\AppData\Local\Microsoft\WindowsApps;"/>
    <property name="java.io.tmpdir" value="C:\Temp\"/>
    <property name="APPDATA" value="C:\Users\502001390\AppData\Roaming"/>
    <property name="user.language" value="en"/>
    <property name="line.separator" value="&#10;"/>
    <property name="BUILD_URL" value="http://localhost:8080/job/MavenJenkins/3/"/>
    <property name="M2_HOME" value="C:\Users\502001390\.jenkins\tools\hudson.tasks.Maven_MavenInstallation\TestMaven"/>
    <property name="Coreload" value="Win10-3.1"/>
    <property name="=C:" value="C:\Data\Jenkins"/>
    <property name="java.vm.info" value="mixed mode"/>
    <property name="sun.desktop" value="windows"/>
    <property name="java.vm.specification.name" value="Java Virtual Machine Specification"/>
    <property name="BUILD_DISPLAY_NAME" value="#3"/>
    <property name="OS" value="Windows_NT"/>
    <property name="guice.disable.misplaced.annotation.check" value="true"/>
    <property name="HUDSON_SERVER_COOKIE" value="1be8b985eee66405"/>
    <property name="MAVEN_HOME" value="C:\Users\502001390\.jenkins\tools\hudson.tasks.Maven_MavenInstallation\TestMaven"/>
    <property name="SESSIONNAME" value="RDP-Tcp#35"/>
    <property name="PATHEXT" value=".COM;.EXE;.BAT;.CMD;.VBS;.VBE;.JS;.JSE;.WSF;.WSH;.MSC"/>
    <property name="java.awt.printerjob" value="sun.awt.windows.WPrinterJob"/>
    <property name="maven3.interceptor.common" value="C:\Users\502001390\.jenkins\plugins\maven-plugin\WEB-INF\lib\maven3-interceptor-commons-1.13.jar"/>
    <property name="CLASSPATH" value=""/>
    <property name="ANALYSIS_PATH" value="C:\Program Files (x86)\HPE\LoadRunner\"/>
    <property name="HOMEPATH" value="\"/>
    <property name="TNS_ADMIN" value="C:\oracle\network\admin"/>
    <property name="os.name" value="Windows 10"/>
    <property name="java.specification.vendor" value="Oracle Corporation"/>
    <property name="java.vm.name" value="Java HotSpot(TM) 64-Bit Server VM"/>
    <property name="BUILD_NUMBER" value="3"/>
    <property name="maven3.interceptor" value="C:\Users\502001390\.jenkins\plugins\maven-plugin\WEB-INF\lib\maven35-interceptor-1.13.jar"/>
    <property name="java.library.path" value="C:\Program Files\Java\jdk1.8.0_212\bin;C:\WINDOWS\Sun\Java\bin;C:\WINDOWS\system32;C:\WINDOWS;C:\Users\502001390\.jenkins\tools\hudson.tasks.Maven_MavenInstallation\TestMaven/bin;C:\Program Files\Java\jdk1.8.0_212/bin;C:\Program Files\Java\jdk1.8.0_212/bin;C:\Program Files (x86)\Common Files\Oracle\Java\javapath;C:\Oracle;C:\Oracle32;C:\ProgramData\Oracle\Java\javapath;C:\WINDOWS\system32;C:\WINDOWS;C:\WINDOWS\System32\Wbem;C:\WINDOWS\System32\WindowsPowerShell\v1.0\;C:\Program Files (x86)\IBM\Client Access\Emulator;C:\Program Files (x86)\IBM\Client Access\Shared;C:\Program Files (x86)\IBM\Client Access\;C:\Program Files (x86)\Hyland\Web ActiveX\;C:\Program Files\Microsoft SQL Server\120\DTS\Binn\;C:\Program Files\Microsoft SQL Server\Client SDK\ODBC\110\Tools\Binn\;C:\Program Files (x86)\Microsoft SQL Server\120\Tools\Binn\;C:\Program Files\Microsoft SQL Server\120\Tools\Binn\;C:\Program Files (x86)\Microsoft SQL Server\120\Tools\Binn\ManagementStudio\;C:\Program Files (x86)\Microsoft SQL Server\120\DTS\Binn\;C:\Program Files (x86)\HPE\LoadRunner\strawberry-perl\perl\bin;C:\Program Files\TortoiseSVN\bin;C:\Users\502001390\AppData\Local\Microsoft\WindowsApps;;."/>
    <property name="HOMEDRIVE" value="H:"/>
    <property name="HOMESHARE" value="\\medpro.com\medpro_dfs_data\dfs_users\502001390"/>
    <property name="POM_GROUPID" value="MavenDemoTest"/>
    <property name="POM_ARTIFACTID" value="MavenDemoTest"/>
    <property name="java.class.version" value="52.0"/>
    <property name="JOB_URL" value="http://localhost:8080/job/MavenJenkins/"/>
    <property name="OneDrive" value="C:\Users\Administrator\OneDrive"/>
    <property name="RUN_DISPLAY_URL" value="http://localhost:8080/job/MavenJenkins/3/display/redirect"/>
    <property name="JENKINS_HOME" value="C:\Users\502001390\.jenkins"/>
    <property name="BUILD_ID" value="3"/>
    <property name="TEMP" value="C:\Temp"/>
    <property name="sun.boot.library.path" value="C:\Program Files\Java\jdk1.8.0_212\jre\bin"/>
    <property name="VUGEN_PATH" value="C:\Program Files (x86)\HPE\LoadRunner\"/>
    <property name="sun.management.compiler" value="HotSpot 64-Bit Tiered Compilers"/>
    <property name="java.awt.graphicsenv" value="sun.awt.Win32GraphicsEnvironment"/>
    <property name="user.variant" value=""/>
    <property name="PROCESSOR_REVISION" value="5504"/>
    <property name="POM_VERSION" value="0.0.1-SNAPSHOT"/>
    <property name="CLIENTNAME" value="LIN86000317"/>
    <property name="HUDSON_HOME" value="C:\Users\502001390\.jenkins"/>
    <property name="ProgramFiles(x86)" value="C:\Program Files (x86)"/>
    <property name="PATH+MAVEN" value="C:\Users\502001390\.jenkins\tools\hudson.tasks.Maven_MavenInstallation\TestMaven/bin"/>
    <property name="USERDOMAIN_ROAMINGPROFILE" value="MEDPRO"/>
    <property name="PROMPT" value="$P$G"/>
    <property name="java.vm.specification.version" value="1.8"/>
    <property name="JAVA_HOME" value="C:\Program Files\Java\jdk1.8.0_212"/>
    <property name="awt.toolkit" value="sun.awt.windows.WToolkit"/>
    <property name="NODE_LABELS" value="master"/>
    <property name="sun.cpu.isalist" value="amd64"/>
    <property name="USERPROFILE" value="C:\Users\502001390"/>
    <property name="JOB_DISPLAY_URL" value="http://localhost:8080/job/MavenJenkins/display/redirect"/>
    <property name="java.ext.dirs" value="C:\Program Files\Java\jdk1.8.0_212\jre\lib\ext;C:\WINDOWS\Sun\Java\lib\ext"/>
    <property name="os.version" value="10.0"/>
    <property name="user.home" value="C:\Users\502001390"/>
    <property name="USERNAME" value="502001390"/>
    <property name="java.vm.vendor" value="Oracle Corporation"/>
    <property name="PROCESSOR_LEVEL" value="6"/>
    <property name="USERDNSDOMAIN" value="MEDPRO.COM"/>
    <property name="CommonProgramW6432" value="C:\Program Files\Common Files"/>
    <property name="CLICKSHARE_CAPTUREMOREBYDEFAULT" value="1"/>
    <property name="user.dir" value="C:\Users\502001390\eclipse-workspace\MavenDemoTest"/>
    <property name="maven.conf" value="C:\Users\502001390\.jenkins\tools\hudson.tasks.Maven_MavenInstallation\TestMaven\conf"/>
    <property name="ProgramW6432" value="C:\Program Files"/>
    <property name="TMP" value="C:\Temp"/>
    <property name="sun.cpu.endian" value="little"/>
    <property name="SystemDrive" value="C:"/>
    <property name="java.vm.version" value="25.212-b10"/>
    <property name="java.class.path" value="C:\Users\502001390\.jenkins\plugins\maven-plugin\WEB-INF\lib\maven35-agent-1.13.jar;C:\Users\502001390\.jenkins\tools\hudson.tasks.Maven_MavenInstallation\TestMaven\boot\plexus-classworlds-2.6.0.jar;C:\Users\502001390\.jenkins\tools\hudson.tasks.Maven_MavenInstallation\TestMaven/conf/logging"/>
    <property name="org.slf4j.simpleLogger.defaultLogLevel" value="info"/>
    <property name="os.arch" value="amd64"/>
    <property name="WORKSPACE" value="C:\Users\502001390\.jenkins\workspace\MavenJenkins"/>
    <property name="ComSpec" value="C:\WINDOWS\system32\cmd.exe"/>
    <property name="sun.java.launcher" value="SUN_STANDARD"/>
    <property name="SystemRoot" value="C:\WINDOWS"/>
    <property name="CommonProgramFiles" value="C:\Program Files\Common Files"/>
    <property name="java.vm.specification.vendor" value="Oracle Corporation"/>
    <property name="file.separator" value="\"/>
    <property name="LR_PATH" value="C:\Program Files (x86)\HPE\LoadRunner\"/>
    <property name="java.runtime.version" value="1.8.0_212-b10"/>
    <property name="ProgramFiles" value="C:\Program Files"/>
    <property name="sun.boot.class.path" value="C:\Program Files\Java\jdk1.8.0_212\jre\lib\resources.jar;C:\Program Files\Java\jdk1.8.0_212\jre\lib\rt.jar;C:\Program Files\Java\jdk1.8.0_212\jre\lib\sunrsasign.jar;C:\Program Files\Java\jdk1.8.0_212\jre\lib\jsse.jar;C:\Program Files\Java\jdk1.8.0_212\jre\lib\jce.jar;C:\Program Files\Java\jdk1.8.0_212\jre\lib\charsets.jar;C:\Program Files\Java\jdk1.8.0_212\jre\lib\jfr.jar;C:\Program Files\Java\jdk1.8.0_212\jre\classes"/>
    <property name="PATH+JDK" value="C:\Program Files\Java\jdk1.8.0_212/bin"/>
    <property name="user.country" value="US"/>
    <property name="POM_PACKAGING" value="jar"/>
    <property name="maven.home" value="C:\Users\502001390\.jenkins\tools\hudson.tasks.Maven_MavenInstallation\TestMaven"/>
    <property name="LDMS_LOCAL_DIR" value="C:\Program Files (x86)\LANDesk\LDClient\Data"/>
    <property name="JOB_BASE_NAME" value="MavenJenkins"/>
    <property name="=H:" value="H:\"/>
    <property name="java.vendor" value="Oracle Corporation"/>
    <property name="java.specification.version" value="1.8"/>
    <property name="POM_DISPLAYNAME" value="MavenDemoTest"/>
    <property name="sun.arch.data.model" value="64"/>
  </properties>
  <testcase name="Add" classname="com.qa.tests.DemoTest" time="0.005"/>
  <testcase name="Divide" classname="com.qa.tests.DemoTest" time="0"/>
  <testcase name="Multiply" classname="com.qa.tests.DemoTest" time="0"/>
  <testcase name="Substract" classname="com.qa.tests.DemoTest" time="0"/>
  <testcase name="Add" classname="com.qa.tests.DemoTest1" time="0.001"/>
  <testcase name="Divide" classname="com.qa.tests.DemoTest1" time="0"/>
  <testcase name="Multiply" classname="com.qa.tests.DemoTest1" time="0.001"/>
  <testcase name="Substract" classname="com.qa.tests.DemoTest1" time="0"/>
  <testcase name="Add" classname="com.qa.tests.DemoTest2" time="0.001"/>
  <testcase name="Divide" classname="com.qa.tests.DemoTest2" time="0"/>
  <testcase name="Multiply" classname="com.qa.tests.DemoTest2" time="0"/>
  <testcase name="Substract" classname="com.qa.tests.DemoTest2" time="0"/>
</testsuite>