<?xml version="1.0" encoding="UTF-8"?>
<!-- Generated by org.testng.reporters.JUnitReportReporter -->
<testsuite skipped="0" hostname="Developer426" name="com.qa.tests.DemoTest" tests="4" failures="0" timestamp="2019-07-07T13:08:58 EDT" time="0.006" errors="0">
  <testcase name="Multiply" time="0.001" classname="com.qa.tests.DemoTest"/>
  <testcase name="Add" time="0.005" classname="com.qa.tests.DemoTest"/>
  <testcase name="Divide" time="0.000" classname="com.qa.tests.DemoTest"/>
  <testcase name="Substract" time="0.000" classname="com.qa.tests.DemoTest"/>
</testsuite> <!-- com.qa.tests.DemoTest -->
